# JRE version: OpenJDK Runtime Environment (8.0_242) (build 1.8.0_242-release-1644-b3-6222593)
# Java VM: OpenJDK 64-Bit Server VM (25.242-b3-6222593 mixed mode linux-amd64 compressed oops)
Heap:
 PSYoungGen      total 521216K, used 16921K [0x00000000d5580000, 0x00000000f7700000, 0x0000000100000000)
  eden space 487936K, 0% used [0x00000000d5580000,0x00000000d5580000,0x00000000f3200000)
  from space 33280K, 50% used [0x00000000f3600000,0x00000000f4686660,0x00000000f5680000)
  to   space 26624K, 0% used [0x00000000f5d00000,0x00000000f5d00000,0x00000000f7700000)
 ParOldGen       total 90624K, used 74604K [0x0000000080000000, 0x0000000085880000, 0x00000000d5580000)
  object space 90624K, 82% used [0x0000000080000000,0x00000000848db170,0x0000000085880000)
 Metaspace       used 94027K, capacity 98490K, committed 98584K, reserved 1134592K
  class space    used 12405K, capacity 13307K, committed 13360K, reserved 1048576K
GC Heap History (10 events):
Event: 17.794 GC heap after
Heap after GC invocations=11 (full 2):
 PSYoungGen      total 260608K, used 14819K [0x00000000d5580000, 0x00000000ee200000, 0x0000000100000000)
  eden space 245760K, 0% used [0x00000000d5580000,0x00000000d5580000,0x00000000e4580000)
  from space 14848K, 99% used [0x00000000e4580000,0x00000000e53f8c68,0x00000000e5400000)
  to   space 22016K, 0% used [0x00000000ecc80000,0x00000000ecc80000,0x00000000ee200000)
 ParOldGen       total 62976K, used 29119K [0x0000000080000000, 0x0000000083d80000, 0x00000000d5580000)
  object space 62976K, 46% used [0x0000000080000000,0x0000000081c6fe98,0x0000000083d80000)
 Metaspace       used 52091K, capacity 54114K, committed 54312K, reserved 1095680K
  class space    used 6961K, capacity 7385K, committed 7472K, reserved 1048576K
}
Event: 18.994 GC heap before
{Heap before GC invocations=12 (full 2):
 PSYoungGen      total 260608K, used 65915K [0x00000000d5580000, 0x00000000ee200000, 0x0000000100000000)
  eden space 245760K, 20% used [0x00000000d5580000,0x00000000d8766158,0x00000000e4580000)
  from space 14848K, 99% used [0x00000000e4580000,0x00000000e53f8c68,0x00000000e5400000)
  to   space 22016K, 0% used [0x00000000ecc80000,0x00000000ecc80000,0x00000000ee200000)
 ParOldGen       total 62976K, used 29119K [0x0000000080000000, 0x0000000083d80000, 0x00000000d5580000)
  object space 62976K, 46% used [0x0000000080000000,0x0000000081c6fe98,0x0000000083d80000)
 Metaspace       used 56902K, capacity 59104K, committed 59160K, reserved 1099776K
  class space    used 7711K, capacity 8210K, committed 8240K, reserved 1048576K
Event: 19.028 GC heap after
Heap after GC invocations=12 (full 2):
 PSYoungGen      total 378880K, used 20350K [0x00000000d5580000, 0x00000000ee200000, 0x0000000100000000)
  eden space 356864K, 0% used [0x00000000d5580000,0x00000000d5580000,0x00000000eb200000)
  from space 22016K, 92% used [0x00000000ecc80000,0x00000000ee05f998,0x00000000ee200000)
  to   space 24576K, 0% used [0x00000000eb200000,0x00000000eb200000,0x00000000eca00000)
 ParOldGen       total 62976K, used 29127K [0x0000000080000000, 0x0000000083d80000, 0x00000000d5580000)
  object space 62976K, 46% used [0x0000000080000000,0x0000000081c71e98,0x0000000083d80000)
 Metaspace       used 56902K, capacity 59104K, committed 59160K, reserved 1099776K
  class space    used 7711K, capacity 8210K, committed 8240K, reserved 1048576K
}
Event: 19.028 GC heap before
{Heap before GC invocations=13 (full 3):
 PSYoungGen      total 378880K, used 20350K [0x00000000d5580000, 0x00000000ee200000, 0x0000000100000000)
  eden space 356864K, 0% used [0x00000000d5580000,0x00000000d5580000,0x00000000eb200000)
  from space 22016K, 92% used [0x00000000ecc80000,0x00000000ee05f998,0x00000000ee200000)
  to   space 24576K, 0% used [0x00000000eb200000,0x00000000eb200000,0x00000000eca00000)
 ParOldGen       total 62976K, used 29127K [0x0000000080000000, 0x0000000083d80000, 0x00000000d5580000)
  object space 62976K, 46% used [0x0000000080000000,0x0000000081c71e98,0x0000000083d80000)
 Metaspace       used 56902K, capacity 59104K, committed 59160K, reserved 1099776K
  class space    used 7711K, capacity 8210K, committed 8240K, reserved 1048576K
Event: 19.371 GC heap after
Heap after GC invocations=13 (full 3):
 PSYoungGen      total 378880K, used 0K [0x00000000d5580000, 0x00000000ee200000, 0x0000000100000000)
  eden space 356864K, 0% used [0x00000000d5580000,0x00000000d5580000,0x00000000eb200000)
  from space 22016K, 0% used [0x00000000ecc80000,0x00000000ecc80000,0x00000000ee200000)
  to   space 24576K, 0% used [0x00000000eb200000,0x00000000eb200000,0x00000000eca00000)
 ParOldGen       total 90624K, used 35330K [0x0000000080000000, 0x0000000085880000, 0x00000000d5580000)
  object space 90624K, 38% used [0x0000000080000000,0x0000000082280910,0x0000000085880000)
 Metaspace       used 56891K, capacity 59068K, committed 59160K, reserved 1099776K
  class space    used 7707K, capacity 8204K, committed 8240K, reserved 1048576K
}
Event: 28.143 GC heap before
{Heap before GC invocations=14 (full 3):
 PSYoungGen      total 378880K, used 356864K [0x00000000d5580000, 0x00000000ee200000, 0x0000000100000000)
  eden space 356864K, 100% used [0x00000000d5580000,0x00000000eb200000,0x00000000eb200000)
  from space 22016K, 0% used [0x00000000ecc80000,0x00000000ecc80000,0x00000000ee200000)
  to   space 24576K, 0% used [0x00000000eb200000,0x00000000eb200000,0x00000000eca00000)
 ParOldGen       total 90624K, used 35330K [0x0000000080000000, 0x0000000085880000, 0x00000000d5580000)
  object space 90624K, 38% used [0x0000000080000000,0x0000000082280910,0x0000000085880000)
 Metaspace       used 73096K, capacity 76298K, committed 76440K, reserved 1116160K
  class space    used 10003K, capacity 10586K, committed 10672K, reserved 1048576K
Event: 28.195 GC heap after
Heap after GC invocations=14 (full 3):
 PSYoungGen      total 381440K, used 24555K [0x00000000d5580000, 0x00000000f7a80000, 0x0000000100000000)
  eden space 356864K, 0% used [0x00000000d5580000,0x00000000d5580000,0x00000000eb200000)
  from space 24576K, 99% used [0x00000000eb200000,0x00000000ec9fafc8,0x00000000eca00000)
  to   space 30208K, 0% used [0x00000000f5d00000,0x00000000f5d00000,0x00000000f7a80000)
 ParOldGen       total 90624K, used 40480K [0x0000000080000000, 0x0000000085880000, 0x00000000d5580000)
  object space 90624K, 44% used [0x0000000080000000,0x0000000082788318,0x0000000085880000)
 Metaspace       used 73096K, capacity 76298K, committed 76440K, reserved 1116160K
  class space    used 10003K, capacity 10586K, committed 10672K, reserved 1048576K
}
Event: 506.623 GC heap before
{Heap before GC invocations=15 (full 3):
 PSYoungGen      total 381440K, used 381419K [0x00000000d5580000, 0x00000000f7a80000, 0x0000000100000000)
  eden space 356864K, 100% used [0x00000000d5580000,0x00000000eb200000,0x00000000eb200000)
  from space 24576K, 99% used [0x00000000eb200000,0x00000000ec9fafc8,0x00000000eca00000)
  to   space 30208K, 0% used [0x00000000f5d00000,0x00000000f5d00000,0x00000000f7a80000)
 ParOldGen       total 90624K, used 40480K [0x0000000080000000, 0x0000000085880000, 0x00000000d5580000)
  object space 90624K, 44% used [0x0000000080000000,0x0000000082788318,0x0000000085880000)
 Metaspace       used 85623K, capacity 89648K, committed 89752K, reserved 1126400K
  class space    used 11366K, capacity 12168K, committed 12208K, reserved 1048576K
Event: 506.690 GC heap after
Heap after GC invocations=15 (full 3):
 PSYoungGen      total 514560K, used 26529K [0x00000000d5580000, 0x00000000f7700000, 0x0000000100000000)
  eden space 487936K, 0% used [0x00000000d5580000,0x00000000d5580000,0x00000000f3200000)
  from space 26624K, 99% used [0x00000000f5d00000,0x00000000f76e8758,0x00000000f7700000)
  to   space 33280K, 0% used [0x00000000f3600000,0x00000000f3600000,0x00000000f5680000)
 ParOldGen       total 90624K, used 57798K [0x0000000080000000, 0x0000000085880000, 0x00000000d5580000)
  object space 90624K, 63% used [0x0000000080000000,0x0000000083871a60,0x0000000085880000)
 Metaspace       used 85623K, capacity 89648K, committed 89752K, reserved 1126400K
  class space    used 11366K, capacity 12168K, committed 12208K, reserved 1048576K
}
Event: 535.560 GC heap before
{Heap before GC invocations=16 (full 3):
 PSYoungGen      total 514560K, used 171495K [0x00000000d5580000, 0x00000000f7700000, 0x0000000100000000)
  eden space 487936K, 29% used [0x00000000d5580000,0x00000000de3117b0,0x00000000f3200000)
  from space 26624K, 99% used [0x00000000f5d00000,0x00000000f76e8758,0x00000000f7700000)
  to   space 33280K, 0% used [0x00000000f3600000,0x00000000f3600000,0x00000000f5680000)
 ParOldGen       total 90624K, used 57798K [0x0000000080000000, 0x0000000085880000, 0x00000000d5580000)
  object space 90624K, 63% used [0x0000000080000000,0x0000000083871a60,0x0000000085880000)
 Metaspace       used 94027K, capacity 98490K, committed 98584K, reserved 1134592K
  class space    used 12405K, capacity 13307K, committed 13360K, reserved 1048576K

